{
  "RSpec": {
    "coverage": {
      "/Users/charlesellison/turing/1module/projects/enigma_project/test/enigma_test.rb": [
        1,
        1,
        null,
        1,
        1,
        1,
        1,
        null,
        null,
        1,
        1,
        1,
        1,
        1,
        null,
        null,
        1,
        1,
        1,
        null,
        null,
        1,
        1,
        1,
        null,
        null,
        1,
        1,
        1,
        1,
        null,
        null,
        1,
        1,
        1,
        null,
        null
      ],
      "/Users/charlesellison/turing/1module/projects/enigma_project/lib/enigma.rb": [
        1,
        1,
        null,
        1,
        1,
        5,
        null,
        null,
        1,
        3,
        null,
        null,
        1,
        0,
        null,
        null
      ],
      "/Users/charlesellison/turing/1module/projects/enigma_project/lib/the_cracker.rb": [
        1,
        1,
        null,
        1,
        1,
        null,
        1,
        12,
        12,
        12,
        12,
        12,
        12,
        12,
        null,
        null,
        1,
        6,
        6,
        6,
        6,
        6,
        null,
        null,
        1,
        9,
        72,
        72,
        null,
        null,
        1,
        7,
        49,
        49,
        null,
        null,
        7,
        null,
        null,
        1,
        6,
        1,
        5,
        1,
        4,
        2,
        null,
        2,
        null,
        null,
        null,
        1,
        6,
        17,
        61,
        61,
        null,
        null,
        6,
        61,
        null,
        6,
        null,
        null
      ],
      "/Users/charlesellison/turing/1module/projects/enigma_project/test/key_generator_test.rb": [
        1,
        1,
        null,
        1,
        null,
        1,
        1,
        1,
        null,
        null,
        1,
        1,
        1,
        1,
        null,
        null,
        1,
        1,
        1,
        1,
        null,
        null,
        1,
        1,
        1,
        null,
        null,
        1,
        1,
        1,
        null,
        null,
        1,
        1,
        1,
        1,
        1,
        null,
        null,
        1,
        1,
        1,
        1,
        1,
        null,
        null
      ],
      "/Users/charlesellison/turing/1module/projects/enigma_project/test/test_helper.rb": [
        1,
        1,
        1
      ],
      "/Users/charlesellison/turing/1module/projects/enigma_project/test/the_cracker_test.rb": [
        1,
        1,
        null,
        1,
        null,
        1,
        1,
        1,
        null,
        null,
        1,
        1,
        1,
        null,
        null,
        1,
        1,
        1,
        1,
        1,
        null,
        null,
        1,
        1,
        1,
        null,
        null,
        1,
        1,
        1,
        1,
        1,
        null,
        null,
        1,
        1,
        1,
        1,
        1,
        null,
        null,
        1,
        1,
        1,
        1,
        1,
        1,
        1,
        1,
        1,
        1,
        1,
        1,
        1,
        null,
        null,
        1,
        1,
        1,
        null,
        null,
        null
      ],
      "/Users/charlesellison/turing/1module/projects/enigma_project/test/wheel_test.rb": [
        1,
        1,
        null,
        1,
        1,
        1,
        1,
        null,
        null,
        1,
        1,
        1,
        1,
        1,
        null,
        null,
        1,
        1,
        1,
        null,
        null,
        null,
        null,
        null,
        null,
        null,
        null,
        null,
        null,
        null,
        null,
        null,
        null,
        null,
        null,
        null,
        null,
        null,
        null,
        null,
        null,
        null,
        null,
        null,
        null,
        null,
        null,
        null,
        null,
        null,
        null,
        null,
        null,
        null,
        null,
        null,
        null,
        null,
        null,
        null,
        null,
        null,
        null,
        null,
        null
      ]
    },
    "timestamp": 1453325964
  }
}
